#
# There is insufficient memory for the Java Runtime Environment to continue.
# Native memory allocation (malloc) failed to allocate 68513792 bytes for committing reserved memory.
# Possible reasons:
#   The system is out of physical RAM or swap space
#   In 32 bit mode, the process size limit was hit
# Possible solutions:
#   Reduce memory load on the system
#   Increase physical memory or swap space
#   Check if swap backing store is full
#   Use 64 bit Java on a 64 bit OS
#   Decrease Java heap size (-Xmx/-Xms)
#   Decrease number of Java threads
#   Decrease Java thread stack sizes (-Xss)
#   Set larger code cache with -XX:ReservedCodeCacheSize=
# This output file may be truncated or incomplete.
#
#  Out of Memory Error (os_linux.cpp:2761), pid=4689, tid=3023821632
#
# JRE version: OpenJDK Runtime Environment (7.0_51) (build 1.7.0_51-b00)
# Java VM: OpenJDK Client VM (24.45-b08 mixed mode, sharing linux-x86 )
# Failed to write core dump. Core dumps have been disabled. To enable core dumping, try "ulimit -c unlimited" before starting Java again
#

---------------  T H R E A D  ---------------

Current thread (0xb6830800):  VMThread [stack: 0xb433d000,0xb43be000] [id=4697]

Stack: [0xb433d000,0xb43be000]
VM_Operation (0xb355c940): GenCollectForAllocation, mode: safepoint, requested by thread 0xb6838000


---------------  P R O C E S S  ---------------

Java Threads: ( => current thread )
  0xb683c800 JavaThread "Thread-9" [_thread_blocked, id=4717, stack(0xb341a000,0xb346b000)]
  0xb683b000 JavaThread "Thread-12" [_thread_blocked, id=4716, stack(0xb346b000,0xb34bc000)]
  0xb6839800 JavaThread "Thread-8" [_thread_blocked, id=4715, stack(0xb34bc000,0xb350d000)]
  0xb6838000 JavaThread "Thread-11" [_thread_blocked, id=4714, stack(0xb350d000,0xb355e000)]
  0xb6836800 JavaThread "Thread-10" [_thread_blocked, id=4713, stack(0xb355e000,0xb35af000)]
  0xb3616c00 JavaThread "Thread-7" [_thread_in_native, id=4712, stack(0xb35af000,0xb3600000)]
  0xb3615c00 JavaThread "Thread-6" [_thread_in_native, id=4711, stack(0xb3714000,0xb3765000)]
  0xb3617400 JavaThread "Thread-5" [_thread_in_native, id=4710, stack(0xb3765000,0xb37b6000)]
  0xb68be000 JavaThread "ReaderThread" [_thread_in_native, id=4704, stack(0xb37ff000,0xb3850000)]
  0xb684bc00 JavaThread "Service Thread" daemon [_thread_blocked, id=4702, stack(0xb3bfd000,0xb3c4e000)]
  0xb6849c00 JavaThread "C1 CompilerThread0" daemon [_thread_blocked, id=4701, stack(0xb3c4e000,0xb3ccf000)]
  0xb6848400 JavaThread "Signal Dispatcher" daemon [_thread_blocked, id=4700, stack(0xb410d000,0xb415e000)]
  0xb6833800 JavaThread "Finalizer" daemon [_thread_blocked, id=4699, stack(0xb415e000,0xb41af000)]
  0xb6831c00 JavaThread "Reference Handler" daemon [_thread_blocked, id=4698, stack(0xb41af000,0xb4200000)]
  0xb6807c00 JavaThread "main" [_thread_blocked, id=4696, stack(0xb69c1000,0xb6a12000)]

Other Threads:
=>0xb6830800 VMThread [stack: 0xb433d000,0xb43be000] [id=4697]
  0xb6856000 WatcherThread [stack: 0xb3b7c000,0xb3bfd000] [id=4703]

VM state:at safepoint (normal execution)

VM Mutex/Monitor currently owned by a thread:  ([mutex/lock_event])
[0xb6805490] Threads_lock - owner thread: 0xb6830800
[0xb68058a0] Heap_lock - owner thread: 0xb6838000

Heap
 def new generation   total 111744K, used 12337K [0x6f760000, 0x770a0000, 0x79d60000)
  eden space 99328K,  12% used [0x6f760000, 0x7036c5b0, 0x75860000)
  from space 12416K,   0% used [0x76480000, 0x76480000, 0x770a0000)
  to   space 12416K,   0% used [0x75860000, 0x75860000, 0x76480000)
 tenured generation   total 273060K, used 273060K [0x79d60000, 0x8a809000, 0x8e960000)
   the space 273060K, 100% used [0x79d60000, 0x8a809000, 0x8a809000, 0x8a809000)
 compacting perm gen  total 12288K, used 1718K [0x8e960000, 0x8f560000, 0x92960000)
   the space 12288K,  13% used [0x8e960000, 0x8eb0d9c0, 0x8eb0da00, 0x8f560000)
    ro space 10240K,  58% used [0x92960000, 0x92f3c810, 0x92f3ca00, 0x93360000)
    rw space 12288K,  59% used [0x93360000, 0x93a7ce58, 0x93a7d000, 0x93f60000)

Card table byte_map: [0xb465b000,0xb4780000] byte_map_base: 0xb42df500

Polling page: 0xb7787000

Code Cache  [0xb4800000, 0xb4948000, 0xb6800000)
 total_blobs=566 nmethods=415 adapters=88 free_code_cache=31476Kb largest_free_block=32232064

Compilation events (10 events):
Event: 45,584 Thread 0xb6849c00  411             java.lang.String::trim (77 bytes)
Event: 45,585 Thread 0xb6849c00 nmethod 411 0xb4941bc8 code [0xb4941cd0, 0xb4941e0c]
Event: 46,882 Thread 0xb6849c00  412             sun.misc.FloatingDecimal::<init> (47 bytes)
Event: 46,882 Thread 0xb6849c00 nmethod 412 0xb4941f08 code [0xb4942000, 0xb49420c0]
Event: 49,171 Thread 0xb6849c00  413   !         java.io.BufferedWriter::write (117 bytes)
Event: 49,174 Thread 0xb6849c00 nmethod 413 0xb4942108 code [0xb4942260, 0xb49425a4]
Event: 49,174 Thread 0xb6849c00  414             java.io.BufferedWriter::ensureOpen (18 bytes)
Event: 49,175 Thread 0xb6849c00 nmethod 414 0xb4942888 code [0xb4942990, 0xb4942a8c]
Event: 49,177 Thread 0xb6849c00  415             java.io.PrintStream::ensureOpen (18 bytes)
Event: 49,178 Thread 0xb6849c00 nmethod 415 0xb4942b08 code [0xb4942c10, 0xb4942d0c]

GC Heap History (10 events):
Event: 32,359 GC heap after
Heap after GC invocations=18 (full 4):
 def new generation   total 62336K, used 6911K [0x6f760000, 0x73b00000, 0x79d60000)
  eden space 55424K,   0% used [0x6f760000, 0x6f760000, 0x72d80000)
  from space 6912K,  99% used [0x73440000, 0x73affff8, 0x73b00000)
  to   space 6912K,   0% used [0x72d80000, 0x72d80000, 0x73440000)
 tenured generation   total 138312K, used 100287K [0x79d60000, 0x82472000, 0x8e960000)
   the space 138312K,  72% used [0x79d60000, 0x7ff4ffd0, 0x7ff50000, 0x82472000)
 compacting perm gen  total 12288K, used 1710K [0x8e960000, 0x8f560000, 0x92960000)
   the space 12288K,  13% used [0x8e960000, 0x8eb0bb40, 0x8eb0bc00, 0x8f560000)
    ro space 10240K,  58% used [0x92960000, 0x92f3c810, 0x92f3ca00, 0x93360000)
    rw space 12288K,  59% used [0x93360000, 0x93a7ce58, 0x93a7d000, 0x93f60000)
}
Event: 34,251 GC heap before
{Heap before GC invocations=18 (full 4):
 def new generation   total 62336K, used 62335K [0x6f760000, 0x73b00000, 0x79d60000)
  eden space 55424K, 100% used [0x6f760000, 0x72d80000, 0x72d80000)
  from space 6912K,  99% used [0x73440000, 0x73affff8, 0x73b00000)
  to   space 6912K,   0% used [0x72d80000, 0x72d80000, 0x73440000)
 tenured generation   total 138312K, used 100287K [0x79d60000, 0x82472000, 0x8e960000)
   the space 138312K,  72% used [0x79d60000, 0x7ff4ffd0, 0x7ff50000, 0x82472000)
 compacting perm gen  total 12288K, used 1710K [0x8e960000, 0x8f560000, 0x92960000)
   the space 12288K,  13% used [0x8e960000, 0x8eb0bb70, 0x8eb0bc00, 0x8f560000)
    ro space 10240K,  58% used [0x92960000, 0x92f3c810, 0x92f3ca00, 0x93360000)
    rw space 12288K,  59% used [0x93360000, 0x93a7ce58, 0x93a7d000, 0x93f60000)
Event: 34,648 GC heap after
Heap after GC invocations=19 (full 4):
 def new generation   total 62336K, used 6911K [0x6f760000, 0x73b00000, 0x79d60000)
  eden space 55424K,   0% used [0x6f760000, 0x6f760000, 0x72d80000)
  from space 6912K,  99% used [0x72d80000, 0x7343fff8, 0x73440000)
  to   space 6912K,   0% used [0x73440000, 0x73440000, 0x73b00000)
 tenured generation   total 138312K, used 124499K [0x79d60000, 0x82472000, 0x8e960000)
   the space 138312K,  90% used [0x79d60000, 0x816f4e58, 0x816f5000, 0x82472000)
 compacting perm gen  total 12288K, used 1710K [0x8e960000, 0x8f560000, 0x92960000)
   the space 12288K,  13% used [0x8e960000, 0x8eb0bb70, 0x8eb0bc00, 0x8f560000)
    ro space 10240K,  58% used [0x92960000, 0x92f3c810, 0x92f3ca00, 0x93360000)
    rw space 12288K,  59% used [0x93360000, 0x93a7ce58, 0x93a7d000, 0x93f60000)
}
Event: 36,449 GC heap before
{Heap before GC invocations=19 (full 4):
 def new generation   total 62336K, used 62335K [0x6f760000, 0x73b00000, 0x79d60000)
  eden space 55424K, 100% used [0x6f760000, 0x72d80000, 0x72d80000)
  from space 6912K,  99% used [0x72d80000, 0x7343fff8, 0x73440000)
  to   space 6912K,   0% used [0x73440000, 0x73440000, 0x73b00000)
 tenured generation   total 138312K, used 124499K [0x79d60000, 0x82472000, 0x8e960000)
   the space 138312K,  90% used [0x79d60000, 0x816f4e58, 0x816f5000, 0x82472000)
 compacting perm gen  total 12288K, used 1710K [0x8e960000, 0x8f560000, 0x92960000)
   the space 12288K,  13% used [0x8e960000, 0x8eb0bb70, 0x8eb0bc00, 0x8f560000)
    ro space 10240K,  58% used [0x92960000, 0x92f3c810, 0x92f3ca00, 0x93360000)
    rw space 12288K,  59% used [0x93360000, 0x93a7ce58, 0x93a7d000, 0x93f60000)
Event: 37,990 GC heap after
Heap after GC invocations=20 (full 5):
 def new generation   total 111744K, used 6821K [0x6f760000, 0x770a0000, 0x79d60000)
  eden space 99328K,   6% used [0x6f760000, 0x6fe095a0, 0x75860000)
  from space 12416K,   0% used [0x75860000, 0x75860000, 0x76480000)
  to   space 12416K,   0% used [0x76480000, 0x76480000, 0x770a0000)
 tenured generation   total 248228K, used 148935K [0x79d60000, 0x88fc9000, 0x8e960000)
   the space 248228K,  59% used [0x79d60000, 0x82ed1fe0, 0x82ed2000, 0x88fc9000)
 compacting perm gen  total 12288K, used 1710K [0x8e960000, 0x8f560000, 0x92960000)
   the space 12288K,  13% used [0x8e960000, 0x8eb0bb70, 0x8eb0bc00, 0x8f560000)
    ro space 10240K,  58% used [0x92960000, 0x92f3c810, 0x92f3ca00, 0x93360000)
    rw space 12288K,  59% used [0x93360000, 0x93a7ce58, 0x93a7d000, 0x93f60000)
}
Event: 41,175 GC heap before
{Heap before GC invocations=20 (full 5):
 def new generation   total 111744K, used 99328K [0x6f760000, 0x770a0000, 0x79d60000)
  eden space 99328K, 100% used [0x6f760000, 0x75860000, 0x75860000)
  from space 12416K,   0% used [0x75860000, 0x75860000, 0x76480000)
  to   space 12416K,   0% used [0x76480000, 0x76480000, 0x770a0000)
 tenured generation   total 248228K, used 148935K [0x79d60000, 0x88fc9000, 0x8e960000)
   the space 248228K,  59% used [0x79d60000, 0x82ed1fe0, 0x82ed2000, 0x88fc9000)
 compacting perm gen  total 12288K, used 1715K [0x8e960000, 0x8f560000, 0x92960000)
   the space 12288K,  13% used [0x8e960000, 0x8eb0cc40, 0x8eb0ce00, 0x8f560000)
    ro space 10240K,  58% used [0x92960000, 0x92f3c810, 0x92f3ca00, 0x93360000)
    rw space 12288K,  59% used [0x93360000, 0x93a7ce58, 0x93a7d000, 0x93f60000)
Event: 42,148 GC heap after
Heap after GC invocations=21 (full 5):
 def new generation   total 111744K, used 12416K [0x6f760000, 0x770a0000, 0x79d60000)
  eden space 99328K,   0% used [0x6f760000, 0x6f760000, 0x75860000)
  from space 12416K, 100% used [0x76480000, 0x770a0000, 0x770a0000)
  to   space 12416K,   0% used [0x75860000, 0x75860000, 0x76480000)
 tenured generation   total 248228K, used 185738K [0x79d60000, 0x88fc9000, 0x8e960000)
   the space 248228K,  74% used [0x79d60000, 0x852c2aa8, 0x852c2c00, 0x88fc9000)
 compacting perm gen  total 12288K, used 1715K [0x8e960000, 0x8f560000, 0x92960000)
   the space 12288K,  13% used [0x8e960000, 0x8eb0cc40, 0x8eb0ce00, 0x8f560000)
    ro space 10240K,  58% used [0x92960000, 0x92f3c810, 0x92f3ca00, 0x93360000)
    rw space 12288K,  59% used [0x93360000, 0x93a7ce58, 0x93a7d000, 0x93f60000)
}
Event: 45,852 GC heap before
{Heap before GC invocations=21 (full 5):
 def new generation   total 111744K, used 111744K [0x6f760000, 0x770a0000, 0x79d60000)
  eden space 99328K, 100% used [0x6f760000, 0x75860000, 0x75860000)
  from space 12416K, 100% used [0x76480000, 0x770a0000, 0x770a0000)
  to   space 12416K,   0% used [0x75860000, 0x75860000, 0x76480000)
 tenured generation   total 248228K, used 185738K [0x79d60000, 0x88fc9000, 0x8e960000)
   the space 248228K,  74% used [0x79d60000, 0x852c2aa8, 0x852c2c00, 0x88fc9000)
 compacting perm gen  total 12288K, used 1718K [0x8e960000, 0x8f560000, 0x92960000)
   the space 12288K,  13% used [0x8e960000, 0x8eb0d9c0, 0x8eb0da00, 0x8f560000)
    ro space 10240K,  58% used [0x92960000, 0x92f3c810, 0x92f3ca00, 0x93360000)
    rw space 12288K,  59% used [0x93360000, 0x93a7ce58, 0x93a7d000, 0x93f60000)
Event: 46,554 GC heap after
Heap after GC invocations=22 (full 5):
 def new generation   total 111744K, used 12416K [0x6f760000, 0x770a0000, 0x79d60000)
  eden space 99328K,   0% used [0x6f760000, 0x6f760000, 0x75860000)
  from space 12416K, 100% used [0x75860000, 0x76480000, 0x76480000)
  to   space 12416K,   0% used [0x76480000, 0x76480000, 0x770a0000)
 tenured generation   total 248228K, used 229599K [0x79d60000, 0x88fc9000, 0x8e960000)
   the space 248228K,  92% used [0x79d60000, 0x87d97e58, 0x87d98000, 0x88fc9000)
 compacting perm gen  total 12288K, used 1718K [0x8e960000, 0x8f560000, 0x92960000)
   the space 12288K,  13% used [0x8e960000, 0x8eb0d9c0, 0x8eb0da00, 0x8f560000)
    ro space 10240K,  58% used [0x92960000, 0x92f3c810, 0x92f3ca00, 0x93360000)
    rw space 12288K,  59% used [0x93360000, 0x93a7ce58, 0x93a7d000, 0x93f60000)
}
Event: 50,003 GC heap before
{Heap before GC invocations=22 (full 5):
 def new generation   total 111744K, used 110747K [0x6f760000, 0x770a0000, 0x79d60000)
  eden space 99328K,  98% used [0x6f760000, 0x75766e10, 0x75860000)
  from space 12416K, 100% used [0x75860000, 0x76480000, 0x76480000)
  to   space 12416K,   0% used [0x76480000, 0x76480000, 0x770a0000)
 tenured generation   total 248228K, used 229599K [0x79d60000, 0x88fc9000, 0x8e960000)
   the space 248228K,  92% used [0x79d60000, 0x87d97e58, 0x87d98000, 0x88fc9000)
 compacting perm gen  total 12288K, used 1718K [0x8e960000, 0x8f560000, 0x92960000)
   the space 12288K,  13% used [0x8e960000, 0x8eb0d9c0, 0x8eb0da00, 0x8f560000)
    ro space 10240K,  58% used [0x92960000, 0x92f3c810, 0x92f3ca00, 0x93360000)
    rw space 12288K,  59% used [0x93360000, 0x93a7ce58, 0x93a7d000, 0x93f60000)

Deoptimization events (0 events):
No events

Internal exceptions (10 events):
Event: 26,912 Thread 0xb6807c00 Threw 0x706fbe38 at /build/buildd/openjdk-7-7u51-2.4.4/build/openjdk/hotspot/src/share/vm/prims/jvm.cpp:1244
Event: 26,918 Thread 0xb6838000 Threw 0x707d0c68 at /build/buildd/openjdk-7-7u51-2.4.4/build/openjdk/hotspot/src/share/vm/prims/jvm.cpp:1244
Event: 27,021 Thread 0xb6838000 Threw 0x707d2be8 at /build/buildd/openjdk-7-7u51-2.4.4/build/openjdk/hotspot/src/share/vm/prims/jvm.cpp:1244
Event: 27,032 Thread 0xb6838000 Threw 0x707d5528 at /build/buildd/openjdk-7-7u51-2.4.4/build/openjdk/hotspot/src/share/vm/prims/jvm.cpp:1244
Event: 27,038 Thread 0xb6838000 Threw 0x707da030 at /build/buildd/openjdk-7-7u51-2.4.4/build/openjdk/hotspot/src/share/vm/prims/jvm.cpp:1244
Event: 38,711 Thread 0xb6807c00 Threw 0x70006538 at /build/buildd/openjdk-7-7u51-2.4.4/build/openjdk/hotspot/src/share/vm/prims/jvm.cpp:1244
Event: 38,785 Thread 0xb6807c00 Threw 0x700085a8 at /build/buildd/openjdk-7-7u51-2.4.4/build/openjdk/hotspot/src/share/vm/prims/jvm.cpp:1244
Event: 38,798 Thread 0xb6807c00 Threw 0x7000a898 at /build/buildd/openjdk-7-7u51-2.4.4/build/openjdk/hotspot/src/share/vm/prims/jvm.cpp:1244
Event: 42,207 Thread 0xb6807c00 Threw 0x6f9b44a0 at /build/buildd/openjdk-7-7u51-2.4.4/build/openjdk/hotspot/src/share/vm/prims/jvm.cpp:1244
Event: 42,923 Thread 0xb6807c00 Threw 0x6f9bbb20 at /build/buildd/openjdk-7-7u51-2.4.4/build/openjdk/hotspot/src/share/vm/prims/jvm.cpp:1244

Events (10 events):
Event: 38,798 loading class 0xb68eec00 done
Event: 41,175 Executing VM operation: GenCollectForAllocation
Event: 42,148 Executing VM operation: GenCollectForAllocation done
Event: 42,206 loading class 0xb361a808
Event: 42,206 loading class 0xb361a808 done
Event: 42,923 loading class 0xb3612850
Event: 42,923 loading class 0xb3612850 done
Event: 45,852 Executing VM operation: GenCollectForAllocation
Event: 46,554 Executing VM operation: GenCollectForAllocation done
Event: 50,003 Executing VM operation: GenCollectForAllocation


Dynamic libraries:
08048000-08049000 r-xp 00000000 08:04 3540814    /usr/lib/jvm/java-7-openjdk-i386/jre/bin/java
08049000-0804a000 r--p 00000000 08:04 3540814    /usr/lib/jvm/java-7-openjdk-i386/jre/bin/java
0804a000-0804b000 rw-p 00001000 08:04 3540814    /usr/lib/jvm/java-7-openjdk-i386/jre/bin/java
082b7000-082d8000 rw-p 00000000 00:00 0          [heap]
6f760000-770a0000 rw-p 00000000 00:00 0 
770a0000-79d60000 rw-p 00000000 00:00 0 
79d60000-8a809000 rw-p 00000000 00:00 0 
8e960000-8f560000 rw-p 00000000 00:00 0 
8f560000-92960000 rw-p 00000000 00:00 0 
92960000-92f3d000 r--p 00001000 08:04 3540788    /usr/lib/jvm/java-7-openjdk-i386/jre/lib/i386/client/classes.jsa
92f3d000-93360000 rw-p 00000000 00:00 0 
93360000-93a7d000 rw-p 005de000 08:04 3540788    /usr/lib/jvm/java-7-openjdk-i386/jre/lib/i386/client/classes.jsa
93a7d000-93f60000 rw-p 00000000 00:00 0 
93f60000-9426e000 rw-p 00cfb000 08:04 3540788    /usr/lib/jvm/java-7-openjdk-i386/jre/lib/i386/client/classes.jsa
9426e000-94360000 rw-p 00000000 00:00 0 
94360000-94369000 r-xp 01009000 08:04 3540788    /usr/lib/jvm/java-7-openjdk-i386/jre/lib/i386/client/classes.jsa
94369000-94760000 rw-p 00000000 00:00 0 
b3100000-b31d8000 rw-p 00000000 00:00 0 
b31d8000-b3200000 ---p 00000000 00:00 0 
b3300000-b3400000 rw-p 00000000 00:00 0 
b341a000-b341d000 ---p 00000000 00:00 0 
b341d000-b346b000 rw-p 00000000 00:00 0          [stack:4717]
b346b000-b346e000 ---p 00000000 00:00 0 
b346e000-b34bc000 rw-p 00000000 00:00 0          [stack:4716]
b34bc000-b34bf000 ---p 00000000 00:00 0 
b34bf000-b350d000 rw-p 00000000 00:00 0          [stack:4715]
b350d000-b3510000 ---p 00000000 00:00 0 
b3510000-b355e000 rw-p 00000000 00:00 0          [stack:4714]
b355e000-b3561000 ---p 00000000 00:00 0 
b3561000-b35af000 rw-p 00000000 00:00 0          [stack:4713]
b35af000-b35b2000 ---p 00000000 00:00 0 
b35b2000-b3600000 rw-p 00000000 00:00 0          [stack:4712]
b3600000-b3688000 rw-p 00000000 00:00 0 
b3688000-b3700000 ---p 00000000 00:00 0 
b3714000-b3717000 ---p 00000000 00:00 0 
b3717000-b3765000 rw-p 00000000 00:00 0          [stack:4711]
b3765000-b3768000 ---p 00000000 00:00 0 
b3768000-b37b6000 rw-p 00000000 00:00 0          [stack:4710]
b37b6000-b37c7000 r-xp 00000000 08:04 3551375    /usr/lib/jvm/java-7-openjdk-i386/jre/lib/i386/libnio.so
b37c7000-b37c8000 r--p 00010000 08:04 3551375    /usr/lib/jvm/java-7-openjdk-i386/jre/lib/i386/libnio.so
b37c8000-b37c9000 rw-p 00011000 08:04 3551375    /usr/lib/jvm/java-7-openjdk-i386/jre/lib/i386/libnio.so
b37c9000-b37ef000 r--p 00000000 08:04 4069336    /usr/share/locale-langpack/fr/LC_MESSAGES/libc.mo
b37ef000-b37fd000 r-xp 00000000 08:04 3547467    /usr/lib/jni/librxtxSerial-2.2pre1.so
b37fd000-b37fe000 r--p 0000d000 08:04 3547467    /usr/lib/jni/librxtxSerial-2.2pre1.so
b37fe000-b37ff000 rw-p 0000e000 08:04 3547467    /usr/lib/jni/librxtxSerial-2.2pre1.so
b37ff000-b3802000 ---p 00000000 00:00 0 
b3802000-b3850000 rw-p 00000000 00:00 0          [stack:4704]
b3850000-b388f000 r-xp 00000000 08:04 1573745    /lib/i386-linux-gnu/libpcre.so.3.13.1
b388f000-b3890000 r--p 0003f000 08:04 1573745    /lib/i386-linux-gnu/libpcre.so.3.13.1
b3890000-b3891000 rw-p 00040000 08:04 1573745    /lib/i386-linux-gnu/libpcre.so.3.13.1
b3891000-b38a4000 r-xp 00000000 08:04 1577026    /lib/i386-linux-gnu/libresolv-2.17.so
b38a4000-b38a5000 r--p 00013000 08:04 1577026    /lib/i386-linux-gnu/libresolv-2.17.so
b38a5000-b38a6000 rw-p 00014000 08:04 1577026    /lib/i386-linux-gnu/libresolv-2.17.so
b38a6000-b38a8000 rw-p 00000000 00:00 0 
b38a8000-b38c5000 r-xp 00000000 08:04 1573772    /lib/i386-linux-gnu/libselinux.so.1
b38c5000-b38c6000 r--p 0001c000 08:04 1573772    /lib/i386-linux-gnu/libselinux.so.1
b38c6000-b38c7000 rw-p 0001d000 08:04 1573772    /lib/i386-linux-gnu/libselinux.so.1
b38c7000-b39c6000 r-xp 00000000 08:04 1573680    /lib/i386-linux-gnu/libglib-2.0.so.0.3600.0
b39c6000-b39c7000 r--p 000fe000 08:04 1573680    /lib/i386-linux-gnu/libglib-2.0.so.0.3600.0
b39c7000-b39c8000 rw-p 000ff000 08:04 1573680    /lib/i386-linux-gnu/libglib-2.0.so.0.3600.0
b39c8000-b3a16000 r-xp 00000000 08:04 3541813    /usr/lib/i386-linux-gnu/libgobject-2.0.so.0.3600.0
b3a16000-b3a17000 r--p 0004d000 08:04 3541813    /usr/lib/i386-linux-gnu/libgobject-2.0.so.0.3600.0
b3a17000-b3a18000 rw-p 0004e000 08:04 3541813    /usr/lib/i386-linux-gnu/libgobject-2.0.so.0.3600.0
b3a18000-b3b78000 r-xp 00000000 08:04 3541785    /usr/lib/i386-linux-gnu/libgio-2.0.so.0.3600.0
b3b78000-b3b7a000 r--p 00160000 08:04 3541785    /usr/lib/i386-linux-gnu/libgio-2.0.so.0.3600.0
b3b7a000-b3b7b000 rw-p 00162000 08:04 3541785    /usr/lib/i386-linux-gnu/libgio-2.0.so.0.3600.0
b3b7b000-b3b7c000 rw-p 00000000 00:00 0 
b3b7c000-b3b7d000 ---p 00000000 00:00 0 
b3b7d000-b3bfd000 rw-p 00000000 00:00 0          [stack:4703]
b3bfd000-b3c00000 ---p 00000000 00:00 0 
b3c00000-b3c4e000 rw-p 00000000 00:00 0          [stack:4702]
b3c4e000-b3c51000 ---p 00000000 00:00 0 
b3c51000-b3ccf000 rw-p 00000000 00:00 0          [stack:4701]
b3ccf000-b3e00000 r--p 001ca000 08:04 3543508    /usr/lib/locale/locale-archive
b3e00000-b4000000 r--p 00000000 08:04 3543508    /usr/lib/locale/locale-archive
b4000000-b4021000 rw-p 00000000 00:00 0 
b4021000-b4100000 ---p 00000000 00:00 0 
b4106000-b410b000 r-xp 00000000 08:04 3541728    /usr/lib/i386-linux-gnu/libffi.so.6.0.1
b410b000-b410c000 r--p 00005000 08:04 3541728    /usr/lib/i386-linux-gnu/libffi.so.6.0.1
b410c000-b410d000 rw-p 00006000 08:04 3541728    /usr/lib/i386-linux-gnu/libffi.so.6.0.1
b410d000-b4110000 ---p 00000000 00:00 0 
b4110000-b415e000 rw-p 00000000 00:00 0          [stack:4700]
b415e000-b4161000 ---p 00000000 00:00 0 
b4161000-b41af000 rw-p 00000000 00:00 0          [stack:4699]
b41af000-b41b2000 ---p 00000000 00:00 0 
b41b2000-b4200000 rw-p 00000000 00:00 0          [stack:4698]
b4200000-b42fa000 rw-p 00000000 00:00 0 
b42fa000-b4300000 ---p 00000000 00:00 0 
b4302000-b4305000 r-xp 00000000 08:04 3541799    /usr/lib/i386-linux-gnu/libgmodule-2.0.so.0.3600.0
b4305000-b4306000 r--p 00002000 08:04 3541799    /usr/lib/i386-linux-gnu/libgmodule-2.0.so.0.3600.0
b4306000-b4307000 rw-p 00003000 08:04 3541799    /usr/lib/i386-linux-gnu/libgmodule-2.0.so.0.3600.0
b430b000-b4312000 r--s 00000000 08:04 3546522    /usr/lib/i386-linux-gnu/gconv/gconv-modules.cache
b4312000-b4315000 r--s 00017000 08:04 3547693    /usr/lib/jvm/java-7-openjdk-i386/jre/lib/jce.jar
b4315000-b431a000 r--s 0004c000 08:04 3547629    /usr/lib/jvm/java-7-openjdk-i386/jre/lib/jsse.jar
b431a000-b4331000 r-xp 00000000 08:04 3551401    /usr/lib/jvm/java-7-openjdk-i386/jre/lib/i386/libnet.so
b4331000-b4332000 r--p 00016000 08:04 3551401    /usr/lib/jvm/java-7-openjdk-i386/jre/lib/i386/libnet.so
b4332000-b4333000 rw-p 00017000 08:04 3551401    /usr/lib/jvm/java-7-openjdk-i386/jre/lib/i386/libnet.so
b4333000-b4335000 r--s 0000d000 00:15 2364456    /home/datamaskin/intech/intech-2014/software/pc/lib/RXTXcomm.jar
b4335000-b4337000 r--s 00007000 00:15 2364457    /home/datamaskin/intech/intech-2014/software/pc/lib/Jama-1.0.2.jar
b4337000-b433d000 r--s 00036000 00:15 393706     /home/datamaskin/eclipse/plugins/org.junit_4.11.0.v201303080030/junit.jar
b433d000-b433e000 ---p 00000000 00:00 0 
b433e000-b4406000 rw-p 00000000 00:00 0          [stack:4697]
b4406000-b45b4000 r--s 01cf4000 08:04 3551429    /usr/lib/jvm/java-7-openjdk-i386/jre/lib/rt.jar
b45b4000-b463a000 rw-p 00000000 00:00 0 
b463a000-b465b000 rw-p 00000000 00:00 0 
b465b000-b4698000 rw-p 00000000 00:00 0 
b4698000-b46ae000 rw-p 00000000 00:00 0 
b46ae000-b4734000 rw-p 00000000 00:00 0 
b4734000-b4754000 rw-p 00000000 00:00 0 
b4754000-b475a000 rw-p 00000000 00:00 0 
b475a000-b4774000 rw-p 00000000 00:00 0 
b4774000-b4786000 rw-p 00000000 00:00 0 
b4786000-b4800000 rw-p 00000000 00:00 0 
b4800000-b4948000 rwxp 00000000 00:00 0 
b4948000-b68fd000 rw-p 00000000 00:00 0 
b68fd000-b6900000 ---p 00000000 00:00 0 
b6900000-b6902000 r--s 0000c000 00:15 265037     /home/datamaskin/eclipse/plugins/org.hamcrest.core_1.3.0.v201303031735.jar
b6902000-b6906000 r--s 00085000 08:04 3551442    /usr/lib/jvm/java-7-openjdk-i386/jre/lib/ext/localedata.jar
b6906000-b6908000 r--s 0000f000 08:04 3551450    /usr/lib/jvm/java-7-openjdk-i386/jre/lib/ext/pulse-java.jar
b6908000-b690c000 r--s 0003b000 08:04 3551440    /usr/lib/jvm/java-7-openjdk-i386/jre/lib/ext/sunpkcs11.jar
b690c000-b690f000 r--s 00032000 08:04 3551444    /usr/lib/jvm/java-7-openjdk-i386/jre/lib/ext/sunjce_provider.jar
b690f000-b6911000 r--s 00006000 08:04 3677730    /usr/share/java/java-atk-wrapper.jar
b6911000-b6913000 r--s 00012000 08:04 3551448    /usr/lib/jvm/java-7-openjdk-i386/jre/lib/ext/zipfs.jar
b6913000-b6927000 rw-p 00000000 00:00 0 
b6927000-b6941000 rw-p 00000000 00:00 0 
b6941000-b694c000 r-xp 00000000 08:04 1577027    /lib/i386-linux-gnu/libnss_files-2.17.so
b694c000-b694d000 r--p 0000a000 08:04 1577027    /lib/i386-linux-gnu/libnss_files-2.17.so
b694d000-b694e000 rw-p 0000b000 08:04 1577027    /lib/i386-linux-gnu/libnss_files-2.17.so
b694e000-b6958000 r-xp 00000000 08:04 1577038    /lib/i386-linux-gnu/libnss_nis-2.17.so
b6958000-b6959000 r--p 00009000 08:04 1577038    /lib/i386-linux-gnu/libnss_nis-2.17.so
b6959000-b695a000 rw-p 0000a000 08:04 1577038    /lib/i386-linux-gnu/libnss_nis-2.17.so
b695a000-b696f000 r-xp 00000000 08:04 1577024    /lib/i386-linux-gnu/libnsl-2.17.so
b696f000-b6970000 r--p 00014000 08:04 1577024    /lib/i386-linux-gnu/libnsl-2.17.so
b6970000-b6971000 rw-p 00015000 08:04 1577024    /lib/i386-linux-gnu/libnsl-2.17.so
b6971000-b6973000 rw-p 00000000 00:00 0 
b6973000-b697a000 r-xp 00000000 08:04 1577028    /lib/i386-linux-gnu/libnss_compat-2.17.so
b697a000-b697b000 r--p 00006000 08:04 1577028    /lib/i386-linux-gnu/libnss_compat-2.17.so
b697b000-b697c000 rw-p 00007000 08:04 1577028    /lib/i386-linux-gnu/libnss_compat-2.17.so
b697d000-b6985000 r-xp 00000000 08:04 3551376    /usr/lib/jvm/java-7-openjdk-i386/jre/lib/i386/libzip.so
b6985000-b6986000 r--p 00007000 08:04 3551376    /usr/lib/jvm/java-7-openjdk-i386/jre/lib/i386/libzip.so
b6986000-b6987000 rw-p 00008000 08:04 3551376    /usr/lib/jvm/java-7-openjdk-i386/jre/lib/i386/libzip.so
b6987000-b698f000 rw-s 00000000 08:04 402199     /tmp/hsperfdata_datamaskin/4689
b698f000-b69b6000 r-xp 00000000 08:04 3551371    /usr/lib/jvm/java-7-openjdk-i386/jre/lib/i386/libjava.so
b69b6000-b69b7000 r--p 00026000 08:04 3551371    /usr/lib/jvm/java-7-openjdk-i386/jre/lib/i386/libjava.so
b69b7000-b69b8000 rw-p 00027000 08:04 3551371    /usr/lib/jvm/java-7-openjdk-i386/jre/lib/i386/libjava.so
b69b8000-b69bf000 r-xp 00000000 08:04 1577037    /lib/i386-linux-gnu/librt-2.17.so
b69bf000-b69c0000 r--p 00006000 08:04 1577037    /lib/i386-linux-gnu/librt-2.17.so
b69c0000-b69c1000 rw-p 00007000 08:04 1577037    /lib/i386-linux-gnu/librt-2.17.so
b69c1000-b69c4000 ---p 00000000 00:00 0 
b69c4000-b6a12000 rw-p 00000000 00:00 0          [stack:4696]
b6a12000-b6a2d000 r-xp 00000000 08:04 1573676    /lib/i386-linux-gnu/libgcc_s.so.1
b6a2d000-b6a2e000 r--p 0001a000 08:04 1573676    /lib/i386-linux-gnu/libgcc_s.so.1
b6a2e000-b6a2f000 rw-p 0001b000 08:04 1573676    /lib/i386-linux-gnu/libgcc_s.so.1
b6a2f000-b6a70000 r-xp 00000000 08:04 1577034    /lib/i386-linux-gnu/libm-2.17.so
b6a70000-b6a71000 r--p 00040000 08:04 1577034    /lib/i386-linux-gnu/libm-2.17.so
b6a71000-b6a72000 rw-p 00041000 08:04 1577034    /lib/i386-linux-gnu/libm-2.17.so
b6a72000-b6b4e000 r-xp 00000000 08:04 3542169    /usr/lib/i386-linux-gnu/libstdc++.so.6.0.17
b6b4e000-b6b4f000 ---p 000dc000 08:04 3542169    /usr/lib/i386-linux-gnu/libstdc++.so.6.0.17
b6b4f000-b6b53000 r--p 000dc000 08:04 3542169    /usr/lib/i386-linux-gnu/libstdc++.so.6.0.17
b6b53000-b6b54000 rw-p 000e0000 08:04 3542169    /usr/lib/i386-linux-gnu/libstdc++.so.6.0.17
b6b54000-b6b5b000 rw-p 00000000 00:00 0 
b6b5b000-b7155000 r-xp 00000000 08:04 3551384    /usr/lib/jvm/java-7-openjdk-i386/jre/lib/i386/client/libjvm.so
b7155000-b716c000 r--p 005fa000 08:04 3551384    /usr/lib/jvm/java-7-openjdk-i386/jre/lib/i386/client/libjvm.so
b716c000-b717a000 rw-p 00611000 08:04 3551384    /usr/lib/jvm/java-7-openjdk-i386/jre/lib/i386/client/libjvm.so
b717a000-b7596000 rw-p 00000000 00:00 0 
b7596000-b75ad000 r-xp 00000000 08:04 1573800    /lib/i386-linux-gnu/libz.so.1.2.7
b75ad000-b75ae000 r--p 00016000 08:04 1573800    /lib/i386-linux-gnu/libz.so.1.2.7
b75ae000-b75af000 rw-p 00017000 08:04 1573800    /lib/i386-linux-gnu/libz.so.1.2.7
b75af000-b75c6000 r-xp 00000000 08:04 1577033    /lib/i386-linux-gnu/libpthread-2.17.so
b75c6000-b75c7000 r--p 00016000 08:04 1577033    /lib/i386-linux-gnu/libpthread-2.17.so
b75c7000-b75c8000 rw-p 00017000 08:04 1577033    /lib/i386-linux-gnu/libpthread-2.17.so
b75c8000-b75ca000 rw-p 00000000 00:00 0 
b75ca000-b75cd000 r-xp 00000000 08:04 1577040    /lib/i386-linux-gnu/libdl-2.17.so
b75cd000-b75ce000 r--p 00002000 08:04 1577040    /lib/i386-linux-gnu/libdl-2.17.so
b75ce000-b75cf000 rw-p 00003000 08:04 1577040    /lib/i386-linux-gnu/libdl-2.17.so
b75cf000-b777d000 r-xp 00000000 08:04 1577035    /lib/i386-linux-gnu/libc-2.17.so
b777d000-b777f000 r--p 001ae000 08:04 1577035    /lib/i386-linux-gnu/libc-2.17.so
b777f000-b7780000 rw-p 001b0000 08:04 1577035    /lib/i386-linux-gnu/libc-2.17.so
b7780000-b7784000 rw-p 00000000 00:00 0 
b7784000-b7785000 r--s 00002000 08:04 3551446    /usr/lib/jvm/java-7-openjdk-i386/jre/lib/ext/dnsns.jar
b7785000-b7786000 r--p 00bb0000 08:04 3543508    /usr/lib/locale/locale-archive
b7786000-b7787000 rw-p 00000000 00:00 0 
b7787000-b7788000 ---p 00000000 00:00 0 
b7788000-b7795000 r-xp 00000000 08:04 3551393    /usr/lib/jvm/java-7-openjdk-i386/jre/lib/i386/libverify.so
b7795000-b7796000 r--p 0000d000 08:04 3551393    /usr/lib/jvm/java-7-openjdk-i386/jre/lib/i386/libverify.so
b7796000-b7797000 rw-p 0000e000 08:04 3551393    /usr/lib/jvm/java-7-openjdk-i386/jre/lib/i386/libverify.so
b7797000-b77a4000 r-xp 00000000 08:04 3551379    /usr/lib/jvm/java-7-openjdk-i386/jre/lib/i386/jli/libjli.so
b77a4000-b77a5000 r--p 0000c000 08:04 3551379    /usr/lib/jvm/java-7-openjdk-i386/jre/lib/i386/jli/libjli.so
b77a5000-b77a6000 rw-p 0000d000 08:04 3551379    /usr/lib/jvm/java-7-openjdk-i386/jre/lib/i386/jli/libjli.so
b77a6000-b77a8000 rw-p 00000000 00:00 0 
b77a8000-b77a9000 r-xp 00000000 00:00 0          [vdso]
b77a9000-b77c9000 r-xp 00000000 08:04 1577036    /lib/i386-linux-gnu/ld-2.17.so
b77c9000-b77ca000 r--p 0001f000 08:04 1577036    /lib/i386-linux-gnu/ld-2.17.so
b77ca000-b77cb000 rw-p 00020000 08:04 1577036    /lib/i386-linux-gnu/ld-2.17.so
bfe19000-bfe3a000 rw-p 00000000 00:00 0          [stack]

VM Arguments:
jvm_args: -Dfile.encoding=UTF-8 
java_command: org.eclipse.jdt.internal.junit.runner.RemoteTestRunner -version 3 -port 49736 -testLoaderClass org.eclipse.jdt.internal.junit4.runner.JUnit4TestLoader -loaderpluginname org.eclipse.jdt.junit4.runtime -test tests.JUnit_ScriptTest:test_ScriptTree_agit
Launcher Type: SUN_STANDARD

Environment Variables:
PATH=/usr/lib/lightdm/lightdm:/usr/local/sbin:/usr/local/bin:/usr/sbin:/usr/bin:/sbin:/bin:/usr/games:/usr/local/games
LD_LIBRARY_PATH=/usr/lib/jvm/java-7-openjdk-i386/jre/lib/i386/client:/usr/lib/jvm/java-7-openjdk-i386/jre/lib/i386:
SHELL=/bin/bash
DISPLAY=:0.0

Signal Handlers:
SIGSEGV: [libjvm.so+0x4d41e0], sa_mask[0]=0x7ffbfeff, sa_flags=0x10000004
SIGBUS: [libjvm.so+0x4d41e0], sa_mask[0]=0x7ffbfeff, sa_flags=0x10000004
SIGFPE: [libjvm.so+0x3b69e0], sa_mask[0]=0x7ffbfeff, sa_flags=0x10000004
SIGPIPE: [libjvm.so+0x3b69e0], sa_mask[0]=0x7ffbfeff, sa_flags=0x10000004
SIGXFSZ: [libjvm.so+0x3b69e0], sa_mask[0]=0x7ffbfeff, sa_flags=0x10000004
SIGILL: [libjvm.so+0x3b69e0], sa_mask[0]=0x7ffbfeff, sa_flags=0x10000004
SIGUSR1: SIG_DFL, sa_mask[0]=0x00000000, sa_flags=0x00000000
SIGUSR2: [libjvm.so+0x3b6b20], sa_mask[0]=0x00000004, sa_flags=0x10000004
SIGHUP: [libjvm.so+0x3b6f10], sa_mask[0]=0x7ffbfeff, sa_flags=0x10000004
SIGINT: [libjvm.so+0x3b6f10], sa_mask[0]=0x7ffbfeff, sa_flags=0x10000004
SIGTERM: [libjvm.so+0x3b6f10], sa_mask[0]=0x7ffbfeff, sa_flags=0x10000004
SIGQUIT: [libjvm.so+0x3b6f10], sa_mask[0]=0x7ffbfeff, sa_flags=0x10000004


---------------  S Y S T E M  ---------------

OS:Ubuntu 13.04 (raring)
uname:Linux 3.8.0-35-generic #50-Ubuntu SMP Tue Dec 3 01:25:33 UTC 2013 i686
libc:glibc 2.17 NPTL 2.17 
rlimit: STACK 8192k, CORE 0k, NPROC 7701, NOFILE 4096, AS infinity
load average:1,36 0,69 0,50

/proc/meminfo:
MemTotal:        1016220 kB
MemFree:           70384 kB
Buffers:             548 kB
Cached:           124348 kB
SwapCached:            0 kB
Active:           809348 kB
Inactive:          88792 kB
Active(anon):     787056 kB
Inactive(anon):    64632 kB
Active(file):      22292 kB
Inactive(file):    24160 kB
Unevictable:          32 kB
Mlocked:              32 kB
HighTotal:        124616 kB
HighFree:           1640 kB
LowTotal:         891604 kB
LowFree:           68744 kB
SwapTotal:             0 kB
SwapFree:              0 kB
Dirty:                44 kB
Writeback:             0 kB
AnonPages:        773344 kB
Mapped:            54500 kB
Shmem:             78396 kB
Slab:              27468 kB
SReclaimable:      11748 kB
SUnreclaim:        15720 kB
KernelStack:        2952 kB
PageTables:         5840 kB
NFS_Unstable:          0 kB
Bounce:                0 kB
WritebackTmp:          0 kB
CommitLimit:      508108 kB
Committed_AS:    1843116 kB
VmallocTotal:     122880 kB
VmallocUsed:        9044 kB
VmallocChunk:     112796 kB
HardwareCorrupted:     0 kB
AnonHugePages:         0 kB
HugePages_Total:       0
HugePages_Free:        0
HugePages_Rsvd:        0
HugePages_Surp:        0
Hugepagesize:       2048 kB
DirectMap4k:       26616 kB
DirectMap2M:      886784 kB


CPU:total 2 (1 cores per cpu, 2 threads per core) family 6 model 28 stepping 10, cmov, cx8, fxsr, mmx, sse, sse2, sse3, ssse3, ht, tsc

/proc/cpuinfo:
processor	: 0
vendor_id	: GenuineIntel
cpu family	: 6
model		: 28
model name	: Intel(R) Atom(TM) CPU N450   @ 1.66GHz
stepping	: 10
microcode	: 0x105
cpu MHz		: 1667.000
cache size	: 512 KB
physical id	: 0
siblings	: 1
core id		: 0
cpu cores	: 1
apicid		: 0
initial apicid	: 0
fdiv_bug	: no
hlt_bug		: no
f00f_bug	: no
coma_bug	: no
fpu		: yes
fpu_exception	: yes
cpuid level	: 10
wp		: yes
flags		: fpu vme de pse tsc msr pae mce cx8 apic sep mtrr pge mca cmov pat clflush dts acpi mmx fxsr sse sse2 ss ht tm pbe nx lm constant_tsc arch_perfmon pebs bts aperfmperf pni dtes64 monitor ds_cpl est tm2 ssse3 cx16 xtpr pdcm movbe lahf_lm dtherm
bogomips	: 3325.12
clflush size	: 64
cache_alignment	: 64
address sizes	: 32 bits physical, 48 bits virtual
power management:

processor	: 1
vendor_id	: GenuineIntel
cpu family	: 6
model		: 28
model name	: Intel(R) Atom(TM) CPU N450   @ 1.66GHz
stepping	: 10
microcode	: 0x105
cpu MHz		: 1667.000
cache size	: 512 KB
physical id	: 0
siblings	: 1
core id		: 0
cpu cores	: 0
apicid		: 1
initial apicid	: 1
fdiv_bug	: no
hlt_bug		: no
f00f_bug	: no
coma_bug	: no
fpu		: yes
fpu_exception	: yes
cpuid level	: 10
wp		: yes
flags		: fpu vme de pse tsc msr pae mce cx8 apic sep mtrr pge mca cmov pat clflush dts acpi mmx fxsr sse sse2 ss ht tm pbe nx lm constant_tsc arch_perfmon pebs bts aperfmperf pni dtes64 monitor ds_cpl est tm2 ssse3 cx16 xtpr pdcm movbe lahf_lm dtherm
bogomips	: 3325.12
clflush size	: 64
cache_alignment	: 64
address sizes	: 32 bits physical, 48 bits virtual
power management:



Memory: 4k page, physical 1016220k(70384k free), swap 0k(0k free)

vm_info: OpenJDK Client VM (24.45-b08) for linux-x86 JRE (1.7.0_51-b00), built on Jan 16 2014 18:22:18 by "buildd" with gcc 4.7.3

time: Mon May 12 19:41:47 2014
elapsed time: 54 seconds

